This is pdfTeX, Version 3.1415926-2.5-1.40.14 (TeX Live 2013) (format=pdflatex 2013.8.23)  30 SEP 2013 20:49
entering extended mode
 restricted \write18 enabled.
 %&-line parsing enabled.
**iccps2014.tex
(./iccps2014.tex
LaTeX2e <2011/06/27>
Babel <3.9f> and hyphenation patterns for 2 languages loaded.
(./sig-alternate-ipsn09.cls
(/usr/share/texlive/texmf-dist/tex/latex/graphics/epsfig.sty
Package: epsfig 1999/02/16 v1.7a (e)psfig emulation (SPQR)

(/usr/share/texlive/texmf-dist/tex/latex/graphics/graphicx.sty
Package: graphicx 1999/02/16 v1.0f Enhanced LaTeX Graphics (DPC,SPQR)

(/usr/share/texlive/texmf-dist/tex/latex/graphics/keyval.sty
Package: keyval 1999/03/16 v1.13 key=value parser (DPC)
\KV@toks@=\toks14
)
(/usr/share/texlive/texmf-dist/tex/latex/graphics/graphics.sty
Package: graphics 2009/02/05 v1.0o Standard LaTeX Graphics (DPC,SPQR)

(/usr/share/texlive/texmf-dist/tex/latex/graphics/trig.sty
Package: trig 1999/03/16 v1.09 sin cos tan (DPC)
)
(/usr/share/texlive/texmf-dist/tex/latex/latexconfig/graphics.cfg
File: graphics.cfg 2010/04/23 v1.9 graphics configuration of TeX Live
)
Package graphics Info: Driver file: pdftex.def on input line 91.

(/usr/share/texlive/texmf-dist/tex/latex/pdftex-def/pdftex.def
File: pdftex.def 2011/05/27 v0.06d Graphics/color for pdfTeX

(/usr/share/texlive/texmf-dist/tex/generic/oberdiek/infwarerr.sty
Package: infwarerr 2010/04/08 v1.3 Providing info/warning/error messages (HO)
)
(/usr/share/texlive/texmf-dist/tex/generic/oberdiek/ltxcmds.sty
Package: ltxcmds 2011/11/09 v1.22 LaTeX kernel commands for general use (HO)
)
\Gread@gobject=\count79
))
\Gin@req@height=\dimen102
\Gin@req@width=\dimen103
)
\epsfxsize=\dimen104
\epsfysize=\dimen105
)
(/usr/share/texlive/texmf-dist/tex/latex/amsfonts/amssymb.sty
Package: amssymb 2013/01/14 v3.01 AMS font symbols

(/usr/share/texlive/texmf-dist/tex/latex/amsfonts/amsfonts.sty
Package: amsfonts 2013/01/14 v3.01 Basic AMSFonts support
\@emptytoks=\toks15
\symAMSa=\mathgroup4
\symAMSb=\mathgroup5
LaTeX Font Info:    Overwriting math alphabet `\mathfrak' in version `bold'
(Font)                  U/euf/m/n --> U/euf/b/n on input line 106.
))
(/usr/share/texlive/texmf-dist/tex/latex/amsmath/amsmath.sty
Package: amsmath 2013/01/14 v2.14 AMS math features
\@mathmargin=\skip41

For additional information on amsmath, use the `?' option.
(/usr/share/texlive/texmf-dist/tex/latex/amsmath/amstext.sty
Package: amstext 2000/06/29 v2.01

(/usr/share/texlive/texmf-dist/tex/latex/amsmath/amsgen.sty
File: amsgen.sty 1999/11/30 v2.0
\@emptytoks=\toks16
\ex@=\dimen106
))
(/usr/share/texlive/texmf-dist/tex/latex/amsmath/amsbsy.sty
Package: amsbsy 1999/11/29 v1.2d
\pmbraise@=\dimen107
)
(/usr/share/texlive/texmf-dist/tex/latex/amsmath/amsopn.sty
Package: amsopn 1999/12/14 v2.01 operator names
)
\inf@bad=\count80
LaTeX Info: Redefining \frac on input line 210.
\uproot@=\count81
\leftroot@=\count82
LaTeX Info: Redefining \overline on input line 306.
\classnum@=\count83
\DOTSCASE@=\count84
LaTeX Info: Redefining \ldots on input line 378.
LaTeX Info: Redefining \dots on input line 381.
LaTeX Info: Redefining \cdots on input line 466.
\Mathstrutbox@=\box26
\strutbox@=\box27
\big@size=\dimen108
LaTeX Font Info:    Redeclaring font encoding OML on input line 566.
LaTeX Font Info:    Redeclaring font encoding OMS on input line 567.
\macc@depth=\count85
\c@MaxMatrixCols=\count86
\dotsspace@=\muskip10
\c@parentequation=\count87
\dspbrk@lvl=\count88
\tag@help=\toks17
\row@=\count89
\column@=\count90
\maxfields@=\count91
\andhelp@=\toks18
\eqnshift@=\dimen109
\alignsep@=\dimen110
\tagshift@=\dimen111
\tagwidth@=\dimen112
\totwidth@=\dimen113
\lineht@=\dimen114
\@envbody=\toks19
\multlinegap=\skip42
\multlinetaggap=\skip43
\mathdisplay@stack=\toks20
LaTeX Info: Redefining \[ on input line 2665.
LaTeX Info: Redefining \] on input line 2666.
)
Document Class 'sig-alternate-ipsn09' <7th. June '07>. Modified by G.K.M. Tobin
/Gerry Murray
Based in part upon document Style `acmconf' <22 May 89>. Hacked 4/91 by
shivers@cs.cmu.edu, 4/93 by theobald@cs.mcgill.ca
Excerpts were taken from (Journal Style) 'esub2acm.cls'.
****** Bugs/comments/suggestions/technicalities to Gerry Murray -- murray@hq.ac
m.org ******
Questions on the style, SIGS policies, etc. to Adrienne Griscti griscti@acm.org

(/usr/share/texlive/texmf-dist/tex/latex/hyperref/hyperref.sty
Package: hyperref 2012/11/06 v6.83m Hypertext links for LaTeX

(/usr/share/texlive/texmf-dist/tex/generic/oberdiek/hobsub-hyperref.sty
Package: hobsub-hyperref 2012/05/28 v1.13 Bundle oberdiek, subset hyperref (HO)


(/usr/share/texlive/texmf-dist/tex/generic/oberdiek/hobsub-generic.sty
Package: hobsub-generic 2012/05/28 v1.13 Bundle oberdiek, subset generic (HO)
Package: hobsub 2012/05/28 v1.13 Construct package bundles (HO)
Package hobsub Info: Skipping package `infwarerr' (already loaded).
Package hobsub Info: Skipping package `ltxcmds' (already loaded).
Package: ifluatex 2010/03/01 v1.3 Provides the ifluatex switch (HO)
Package ifluatex Info: LuaTeX not detected.
Package: ifvtex 2010/03/01 v1.5 Detect VTeX and its facilities (HO)
Package ifvtex Info: VTeX not detected.
Package: intcalc 2007/09/27 v1.1 Expandable calculations with integers (HO)
Package: ifpdf 2011/01/30 v2.3 Provides the ifpdf switch (HO)
Package ifpdf Info: pdfTeX in PDF mode is detected.
Package: etexcmds 2011/02/16 v1.5 Avoid name clashes with e-TeX commands (HO)
Package etexcmds Info: Could not find \expanded.
(etexcmds)             That can mean that you are not using pdfTeX 1.50 or
(etexcmds)             that some package has redefined \expanded.
(etexcmds)             In the latter case, load this package earlier.
Package: kvsetkeys 2012/04/25 v1.16 Key value parser (HO)
Package: kvdefinekeys 2011/04/07 v1.3 Define keys (HO)
Package: pdftexcmds 2011/11/29 v0.20 Utility functions of pdfTeX for LuaTeX (HO
)
Package pdftexcmds Info: LuaTeX not detected.
Package pdftexcmds Info: \pdf@primitive is available.
Package pdftexcmds Info: \pdf@ifprimitive is available.
Package pdftexcmds Info: \pdfdraftmode found.
Package: pdfescape 2011/11/25 v1.13 Implements pdfTeX's escape features (HO)
Package: bigintcalc 2012/04/08 v1.3 Expandable calculations on big integers (HO
)
Package: bitset 2011/01/30 v1.1 Handle bit-vector datatype (HO)
Package: uniquecounter 2011/01/30 v1.2 Provide unlimited unique counter (HO)
)
Package hobsub Info: Skipping package `hobsub' (already loaded).
Package: letltxmacro 2010/09/02 v1.4 Let assignment for LaTeX macros (HO)
Package: hopatch 2012/05/28 v1.2 Wrapper for package hooks (HO)
Package: xcolor-patch 2011/01/30 xcolor patch
Package: atveryend 2011/06/30 v1.8 Hooks at the very end of document (HO)
Package atveryend Info: \enddocument detected (standard20110627).
Package: atbegshi 2011/10/05 v1.16 At begin shipout hook (HO)
Package: refcount 2011/10/16 v3.4 Data extraction from label references (HO)
Package: hycolor 2011/01/30 v1.7 Color options for hyperref/bookmark (HO)
)
(/usr/share/texlive/texmf-dist/tex/generic/ifxetex/ifxetex.sty
Package: ifxetex 2010/09/12 v0.6 Provides ifxetex conditional
)
(/usr/share/texlive/texmf-dist/tex/latex/oberdiek/auxhook.sty
Package: auxhook 2011/03/04 v1.3 Hooks for auxiliary files (HO)
)
(/usr/share/texlive/texmf-dist/tex/latex/oberdiek/kvoptions.sty
Package: kvoptions 2011/06/30 v3.11 Key value format for package options (HO)
)
\@linkdim=\dimen115
\Hy@linkcounter=\count92
\Hy@pagecounter=\count93

(/usr/share/texlive/texmf-dist/tex/latex/hyperref/pd1enc.def
File: pd1enc.def 2012/11/06 v6.83m Hyperref: PDFDocEncoding definition (HO)
)
\Hy@SavedSpaceFactor=\count94

(/usr/share/texlive/texmf-dist/tex/latex/latexconfig/hyperref.cfg
File: hyperref.cfg 2002/06/06 v1.2 hyperref configuration of TeXLive
)
Package hyperref Info: Hyper figures OFF on input line 4443.
Package hyperref Info: Link nesting OFF on input line 4448.
Package hyperref Info: Hyper index ON on input line 4451.
Package hyperref Info: Plain pages OFF on input line 4458.
Package hyperref Info: Backreferencing OFF on input line 4463.
Package hyperref Info: Implicit mode ON; LaTeX internals redefined.
Package hyperref Info: Bookmarks ON on input line 4688.
\c@Hy@tempcnt=\count95

(/usr/share/texlive/texmf-dist/tex/latex/url/url.sty
\Urlmuskip=\muskip11
Package: url 2006/04/12  ver 3.3  Verb mode for urls, etc.
)
LaTeX Info: Redefining \url on input line 5041.
\XeTeXLinkMargin=\dimen116
\Fld@menulength=\count96
\Field@Width=\dimen117
\Fld@charsize=\dimen118
Package hyperref Info: Hyper figures OFF on input line 6295.
Package hyperref Info: Link nesting OFF on input line 6300.
Package hyperref Info: Hyper index ON on input line 6303.
Package hyperref Info: backreferencing OFF on input line 6310.
Package hyperref Info: Link coloring OFF on input line 6315.
Package hyperref Info: Link coloring with OCG OFF on input line 6320.
Package hyperref Info: PDF/A mode OFF on input line 6325.
LaTeX Info: Redefining \ref on input line 6365.
LaTeX Info: Redefining \pageref on input line 6369.


Package hyperref Warning: Option `pdfpagelabels' is turned off
(hyperref)                because \thepage is undefined.

\c@Item=\count97
\c@Hfootnote=\count98
)

Package hyperref Message: Driver (autodetected): hpdftex.

(/usr/share/texlive/texmf-dist/tex/latex/hyperref/hpdftex.def
File: hpdftex.def 2012/11/06 v6.83m Hyperref driver for pdfTeX
\Fld@listcount=\count99
\c@bookmark@seq@number=\count100

(/usr/share/texlive/texmf-dist/tex/latex/oberdiek/rerunfilecheck.sty
Package: rerunfilecheck 2011/04/15 v1.7 Rerun checks for auxiliary files (HO)
Package uniquecounter Info: New unique counter `rerunfilecheck' on input line 2
82.
)
\Hy@SectionHShift=\skip44
)
\footheight=\dimen119
\@maxsep=\dimen120
\@dblmaxsep=\dimen121
\aucount=\count101
\originalaucount=\count102
\auwidth=\dimen122
\auskip=\dimen123
\auskipcount=\count103
\auskip=\dimen124
\allauboxes=\dimen125
\addauthors=\toks21
\addauflag=\count104
\subtitletext=\toks22
\savesection=\count105
\sectioncntr=\count106
\c@figure=\count107
\c@table=\count108
\titleboxnotes=\toks23
\titleboxnoteflag=\count109

Document Class: sig-alternate-ipsn09 2008/09/25 - V2.3 - based on acmproc.cls V
1.3 <Nov. 30 '99>
(/usr/share/texlive/texmf-dist/tex/latex/base/latexsym.sty
Package: latexsym 1998/08/17 v2.2e Standard LaTeX package (lasy symbols)
\symlasy=\mathgroup6
LaTeX Font Info:    Overwriting symbol font `lasy' in version `bold'
(Font)                  U/lasy/m/n --> U/lasy/b/n on input line 47.
)
\@acmtitlebox=\box28
\titlenotecount=\count110
\tntoks=\toks24
\tntokstwo=\toks25
\tntoksthree=\toks26
\tntoksfour=\toks27
\tntoksfive=\toks28
\catcount=\count111
\copyrightnotice=\toks29
\conf=\toks30
\confinfo=\toks31
\c@part=\count112
\c@section=\count113
\c@subsection=\count114
\c@subsubsection=\count115
\c@paragraph=\count116

Using 'Abbrev' bibliography style
\bibindent=\dimen126
\colcntr=\count117
\savebox=\box29
\copyrtyr=\toks32
\acmcopyr=\toks33
\boilerplate=\toks34
\copyrightetc=\toks35
(/usr/share/texlive/texmf-dist/tex/latex/base/fontenc.sty
Package: fontenc 2005/09/27 v1.99g Standard LaTeX package

(/usr/share/texlive/texmf-dist/tex/latex/base/t1enc.def
File: t1enc.def 2005/09/27 v1.99g Standard LaTeX file
LaTeX Font Info:    Redeclaring font encoding T1 on input line 43.
)
LaTeX Font Info:    Try loading font information for T1+aer on input line 100.

(/usr/share/texlive/texmf-dist/tex/latex/ae/t1aer.fd
File: t1aer.fd 1997/11/16 Font definitions for T1/aer.
)))
(/usr/share/texlive/texmf-dist/tex/latex/psnfss/times.sty
Package: times 2005/04/12 PSNFSS-v9.2a (SPQR) 
)
(/usr/share/texlive/texmf-dist/tex/latex/psfrag/psfrag.sty
Package: psfrag 1998/04/11 v3.04 PSfrag (MCG)
\pfg@pcount=\count118
\pfg@scount=\count119
\pfg@temp=\write3
)
(/usr/share/texlive/texmf-dist/tex/latex/mdwtools/mathenv.sty
Package: mathenv 1998/04/28 1.9 Various maths environments

(/usr/share/texlive/texmf-dist/tex/latex/mdwtools/mdwtab.sty
Package: mdwtab 1998/04/28 1.9 Table typesetting with style
\tab@state=\count120
\tab@columns=\count121
\tab@preamble=\toks36
\tab@shortline=\toks37
\extrarowheight=\dimen127
\tabextrasep=\dimen128
\arrayextrasep=\dimen129
\smarraycolsep=\dimen130
\smarrayextrasep=\dimen131
\tab@width=\dimen132
\col@sep=\dimen133
\tab@endheight=\dimen134
\tab@leftskip=\skip45
\tab@rightskip=\skip46
\fn@notes=\box30
\fn@width=\dimen135
)
\eqaopenskip=\skip47
\eqacloseskip=\skip48
\eqacolskip=\skip49
\eqainskip=\skip50
\splitleft=\skip51
\splitright=\skip52
)
(/usr/share/texlive/texmf-dist/tex/latex/oberdiek/epstopdf.sty
Package: epstopdf 2010/02/09 v2.5 Conversion with epstopdf on the fly (HO)

(/usr/share/texlive/texmf-dist/tex/latex/oberdiek/epstopdf-base.sty
Package: epstopdf-base 2010/02/09 v2.5 Base part for package epstopdf

(/usr/share/texlive/texmf-dist/tex/latex/oberdiek/grfext.sty
Package: grfext 2010/08/19 v1.1 Manage graphics extensions (HO)
)
Package grfext Info: Graphics extension search list:
(grfext)             [.png,.pdf,.jpg,.mps,.jpeg,.jbig2,.jb2,.PNG,.PDF,.JPG,.JPE
G,.JBIG2,.JB2,.eps]
(grfext)             \AppendGraphicsExtensions on input line 452.

(/usr/share/texlive/texmf-dist/tex/latex/latexconfig/epstopdf-sys.cfg
File: epstopdf-sys.cfg 2010/07/13 v1.3 Configuration of (r)epstopdf for TeX Liv
e
)))
(/usr/share/texlive/texmf-dist/tex/latex/fancyhdr/fancyhdr.sty
\fancy@headwidth=\skip53
\f@ncyO@elh=\skip54
\f@ncyO@erh=\skip55
\f@ncyO@olh=\skip56
\f@ncyO@orh=\skip57
\f@ncyO@elf=\skip58
\f@ncyO@erf=\skip59
\f@ncyO@olf=\skip60
\f@ncyO@orf=\skip61
)
(./iccps2014.aux)
\openout1 = `iccps2014.aux'.

LaTeX Font Info:    Checking defaults for OML/cmm/m/it on input line 21.
LaTeX Font Info:    ... okay on input line 21.
LaTeX Font Info:    Checking defaults for T1/cmr/m/n on input line 21.
LaTeX Font Info:    ... okay on input line 21.
LaTeX Font Info:    Checking defaults for OT1/cmr/m/n on input line 21.
LaTeX Font Info:    ... okay on input line 21.
LaTeX Font Info:    Checking defaults for OMS/cmsy/m/n on input line 21.
LaTeX Font Info:    ... okay on input line 21.
LaTeX Font Info:    Checking defaults for OMX/cmex/m/n on input line 21.
LaTeX Font Info:    ... okay on input line 21.
LaTeX Font Info:    Checking defaults for U/cmr/m/n on input line 21.
LaTeX Font Info:    ... okay on input line 21.
LaTeX Font Info:    Checking defaults for PD1/pdf/m/n on input line 21.
LaTeX Font Info:    ... okay on input line 21.
LaTeX Font Info:    Try loading font information for T1+ptm on input line 21.
 (/usr/share/texlive/texmf-dist/tex/latex/psnfss/t1ptm.fd
File: t1ptm.fd 2001/06/04 font definitions for T1/ptm.
)
(/usr/share/texlive/texmf-dist/tex/context/base/supp-pdf.mkii
[Loading MPS to PDF converter (version 2006.09.02).]
\scratchcounter=\count122
\scratchdimen=\dimen136
\scratchbox=\box31
\nofMPsegments=\count123
\nofMParguments=\count124
\everyMPshowfont=\toks38
\MPscratchCnt=\count125
\MPscratchDim=\dimen137
\MPnumerator=\count126
\makeMPintoPDFobject=\count127
\everyMPtoPDFconversion=\toks39
)
\AtBeginShipoutBox=\box32
Package hyperref Info: Link coloring OFF on input line 21.
 (/usr/share/texlive/texmf-dist/tex/latex/hyperref/nameref.sty
Package: nameref 2012/10/27 v2.43 Cross-referencing by name of section

(/usr/share/texlive/texmf-dist/tex/generic/oberdiek/gettitlestring.sty
Package: gettitlestring 2010/12/03 v1.4 Cleanup title references (HO)
)
\c@section@level=\count128
)
LaTeX Info: Redefining \ref on input line 21.
LaTeX Info: Redefining \pageref on input line 21.
LaTeX Info: Redefining \nameref on input line 21.

(./iccps2014.out) (./iccps2014.out)
\@outlinefile=\write4
\openout4 = `iccps2014.out'.

LaTeX Font Info:    Try loading font information for U+msa on input line 128.

(/usr/share/texlive/texmf-dist/tex/latex/amsfonts/umsa.fd
File: umsa.fd 2013/01/14 v3.01 AMS symbols A
)
LaTeX Font Info:    Try loading font information for U+msb on input line 128.

(/usr/share/texlive/texmf-dist/tex/latex/amsfonts/umsb.fd
File: umsb.fd 2013/01/14 v3.01 AMS symbols B
)
LaTeX Font Info:    Try loading font information for U+lasy on input line 128.

(/usr/share/texlive/texmf-dist/tex/latex/base/ulasy.fd
File: ulasy.fd 1998/08/17 v2.2e LaTeX symbol font definitions
)
Overfull \hbox (10.08049pt too wide) in paragraph at lines 128--128
 []\eaddfnt lleipuner@researchlabs.org 
 []

(./abstract.tex)
Overfull \hbox (3.53163pt too wide) in paragraph at lines 3--132
\T1/ptm/m/n/10 Cyber-Physical Sys-tems (CPS) con-sist of com-pu-ta-tional com-
 []


Overfull \hbox (3.88254pt too wide) in paragraph at lines 3--132
\T1/ptm/m/n/10 and con-trol switched phys-i-cal en-ti-ties in-ter-con-nected by
 phys-
 []

(./introduction.tex
Overfull \hbox (7.24283pt too wide) in paragraph at lines 4--15
[]\T1/ptm/m/n/10 Smart Power Grid [[]23[]] is a prime ex-am-ple of Cyber-Physic
al
 []


Overfull \hbox (2.5833pt too wide) in paragraph at lines 29--37
[]\T1/ptm/m/n/10 In our work, we em-ploy a fun-da-men-tally dif-fer-ent ap-proa
ch
 []

[1
Non-PDF special ignored!{/usr/share/texlive/texmf-dist/fonts/map/pdftex/updmap/
pdftex.map}


] <Figures/Invariant_Overview.pdf, id=83, 602.25pt x 413.545pt>
File: Figures/Invariant_Overview.pdf Graphic file (type pdf)

<use Figures/Invariant_Overview.pdf>
Package pdftex.def Info: Figures/Invariant_Overview.pdf used on input line 41.
(pdftex.def)             Requested size: 216.84901pt x 148.90132pt.
LaTeX Font Info:    Font shape `T1/ptm/bx/n' in size <10> not available
(Font)              Font shape `T1/ptm/b/n' tried instead on input line 42.


LaTeX Warning: Reference `sec:power_management_algo' on page \thepage  undefine
d on input line 78.


LaTeX Warning: Reference `sec:simulation_setup' on page \thepage  undefined on 
input line 80.


LaTeX Warning: Reference `sec:results' on page \thepage  undefined on input lin
e 81.


LaTeX Warning: Reference `sec:discussion' on page \thepage  undefined on input 
line 81.


LaTeX Warning: Reference `sec:conclusions' on page \thepage  undefined on input
 line 82.

) (./background.tex
Overfull \hbox (9.96227pt too wide) in paragraph at lines 29--55
\T1/ptm/m/n/10 stant Band-width Servers [[]27[]]. Elas-tic schedul-ing strate-g
ies [[]10[]]
 []


Overfull \hbox (5.15309pt too wide) in paragraph at lines 29--55
\T1/ptm/m/n/10 phys-i-cal sys-tem and does not con-sider net-work be-hav-ior. C
on-
 []


Overfull \hbox (11.04202pt too wide) in paragraph at lines 29--55
\T1/ptm/m/n/10 namic be-hav-ior si-mul-ta-ne-ously re-sults in state ex-plo-sio
n. While
 []

pdfTeX warning (ext4): destination with the same identifier (name{page.}) has b
een already used, duplicate ignored
<to be read again> 
                   \relax 
l.55 
      [2 <./Figures/Invariant_Overview.pdf>]) (./assumptions.tex
Overfull \hbox (6.68239pt too wide) in paragraph at lines 4--13
\T1/ptm/m/n/10 ar-chi-tec-ture of a fu-ture gen-er-a-tion smart grid (Smart-Gri
d) [[]23[]].
 []


Overfull \hbox (12.61247pt too wide) in paragraph at lines 4--13
\T1/ptm/m/n/10 stor-age de-vices (DESD), en-ergy re-sources (DRER) and LOADs.
 []

<Figures/DistributedLoadBalancing3.pdf, id=255, 775.61069pt x 500.39366pt>
File: Figures/DistributedLoadBalancing3.pdf Graphic file (type pdf)

<use Figures/DistributedLoadBalancing3.pdf>
Package pdftex.def Info: Figures/DistributedLoadBalancing3.pdf used on input li
ne 29.
(pdftex.def)             Requested size: 227.64894pt x 146.86658pt.

<Figures/cycle_fig.png, id=256, 1085.05376pt x 342.27875pt>
File: Figures/cycle_fig.png Graphic file (type png)

<use Figures/cycle_fig.png>
Package pdftex.def Info: Figures/cycle_fig.png used on input line 37.
(pdftex.def)             Requested size: 227.64894pt x 71.80753pt.
)
Overfull \hbox (9.99245pt too wide) in paragraph at lines 61--139
\T1/ptm/m/n/10 an adap-tive mes-sage schedul-ing al-go-rithm that sched-ules po
wer
 []

pdfTeX warning (ext4): destination with the same identifier (name{page.}) has b
een already used, duplicate ignored
<to be read again> 
                   \relax 
l.139 
       [3 <./Figures/DistributedLoadBalancing3.pdf> <./Figures/cycle_fig.png>]
(./invariants.tex
Overfull \hbox (20.86644pt too wide) in paragraph at lines 1--1
[]\secfnt SYSTEM ANAL-Y-SIS AND IN-VARI-ANT FOR-
 []


Overfull \hbox (2.31918pt too wide) in alignment at lines 9--12
 [][][] [] 
 []


Overfull \hbox (1.68661pt too wide) in paragraph at lines 44--46
[]\T1/ptm/b/n/10 Physical Sys-tem Invariant($\OML/cmm/m/it/10 I[]$\T1/ptm/b/n/1
0 ). \T1/ptm/m/n/10 Com-bin-ing the three con-
 []

<Figures/kmax_distri.png, id=285, 888.31876pt x 594.22pt>
File: Figures/kmax_distri.png Graphic file (type png)

<use Figures/kmax_distri.png>
Package pdftex.def Info: Figures/kmax_distri.png used on input line 79.
(pdftex.def)             Requested size: 227.64894pt x 152.27213pt.

Overfull \hbox (5.53044pt too wide) in paragraph at lines 85--89
[]\T1/ptm/m/n/10 The mes-sage schedul-ing al-go-rithm run-ning at node $\OML/cm
m/m/it/10 s$\T1/ptm/m/n/10 , adapts
 []


Overfull \hbox (11.65804pt too wide) in paragraph at lines 93--96
[]\T1/ptm/m/n/10 For a given power trans-fer phase and based on above $\OML/cmm
/m/it/10 Kmax[]$\T1/ptm/m/n/10 ,
 []


Overfull \hbox (9.74857pt too wide) in paragraph at lines 93--96
\OML/cmm/m/it/10 p[]$ \T1/ptm/m/n/10 con-straints, fol-low-ing schedul-ing in-v
ari-ant $\OML/cmm/m/it/10 I[]$ \T1/ptm/m/n/10 can be formed,
 []


LaTeX Warning: Citation `acsmartgrid' on page \thepage  undefined on input line
 115.

pdfTeX warning (ext4): destination with the same identifier (name{page.}) has b
een already used, duplicate ignored
<to be read again> 
                   \relax 
l.118 
       [4 <./Figures/kmax_distri.png>]) (./adaptive_with_ecn.tex
Overfull \hbox (4.71507pt too wide) in paragraph at lines 1--1
[]\secfnt ADAPTIVE SCHEDUL-ING WITH EARLY
 []


Overfull \hbox (1.94281pt too wide) in paragraph at lines 4--5
[]\T1/ptm/m/n/10 In this sec-tion, we pro-pose mod-i-fi-ca-tions re-quired for 
adap-
 []


Overfull \hbox (1.8427pt too wide) in paragraph at lines 9--26
[]\T1/ptm/m/n/10 Every power mi-gra-tion mes-sage is as-signed a rel-a-tive dea
d-
 []

<Figures/iccps2014/ecn_field_in_ip.png, id=313, 922.44624pt x 649.42625pt>
File: Figures/iccps2014/ecn_field_in_ip.png Graphic file (type png)

<use Figures/iccps2014/ecn_field_in_ip.png>
Package pdftex.def Info: Figures/iccps2014/ecn_field_in_ip.png used on input li
ne 40.
(pdftex.def)             Requested size: 151.76854pt x 106.8435pt.

Overfull \hbox (5.06169pt too wide) in paragraph at lines 46--48
[]\T1/ptm/b/n/10 Gateways, \T1/ptm/m/n/10 in the net-work main-tain $\OML/cmm/m
/it/10 Q[]$ \T1/ptm/m/n/10 and $\OML/cmm/m/it/10 Q[]$ \T1/ptm/m/n/10 thresh-
 []


Overfull \hbox (34.32286pt too wide) in paragraph at lines 55--60
[]\T1/ptm/b/n/10 Receiver, \T1/ptm/m/n/10 upon ar-rival of packet marked with E
CN_CE(Congestion
 []


Overfull \hbox (3.52289pt too wide) in paragraph at lines 55--60
\T1/ptm/m/n/10 ex-pe-ri-enced), sets a flag in the ac-knowl-edg-ment packet hea
der
 []

)
No file iccps2014.bbl.
LaTeX Font Info:    Try loading font information for T1+pcr on input line 164.
(/usr/share/texlive/texmf-dist/tex/latex/psnfss/t1pcr.fd
File: t1pcr.fd 2001/06/04 font definitions for T1/pcr.
)
Overfull \hbox (8.75273pt too wide) in paragraph at lines 164--164
[]\T1/ptm/m/n/10 Additional au-thors: John Smith (The Thørväld Group, email:
 []


Overfull \hbox (4.56421pt too wide) in paragraph at lines 164--164
\T1/pcr/m/n/10 jsmith@affiliation.org\T1/ptm/m/n/10 ) and Julius P. Kumquat (Th
e
 []


Overfull \hbox (27.40369pt too wide) in paragraph at lines 164--164
\T1/ptm/m/n/10 Kumquat Con-sor-tium, email: \T1/pcr/m/n/10 jpkumquat@consortium
.net\T1/ptm/m/n/10 ). 
 []

pdfTeX warning (ext4): destination with the same identifier (name{page.}) has b
een already used, duplicate ignored
<to be read again> 
                   \relax 
l.204 
       [5 <./Figures/iccps2014/ecn_field_in_ip.png>]
Underfull \vbox (badness 10000) has occurred while \output is active []

pdfTeX warning (ext4): destination with the same identifier (name{page.}) has b
een already used, duplicate ignored
<to be read again> 
                   \relax 
l.321 \newpage
               [6]
Underfull \vbox (badness 10000) has occurred while \output is active []

Package atveryend Info: Empty hook `BeforeClearDocument' on input line 481.
pdfTeX warning (ext4): destination with the same identifier (name{page.}) has b
een already used, duplicate ignored
<to be read again> 
                   \relax 
l.481 \end{document}
                     [7]
Package atveryend Info: Empty hook `AfterLastShipout' on input line 481.
 (./iccps2014.aux)
Package atveryend Info: Empty hook `AtVeryEndDocument' on input line 481.
Package atveryend Info: Executing hook `AtEndAfterFileList' on input line 481.
Package rerunfilecheck Info: File `iccps2014.out' has not changed.
(rerunfilecheck)             Checksum: 460D9B07BEE3AE760FD4E419CE6173C3;800.


LaTeX Warning: There were undefined references.


LaTeX Warning: Label(s) may have changed. Rerun to get cross-references right.

Package atveryend Info: Empty hook `AtVeryVeryEnd' on input line 481.
 ) 
Here is how much of TeX's memory you used:
 7113 strings out of 495035
 99741 string characters out of 6181702
 189914 words of memory out of 5000000
 10102 multiletter control sequences out of 15000+600000
 57455 words of font info for 73 fonts, out of 8000000 for 9000
 14 hyphenation exceptions out of 8191
 41i,13n,43p,1097b,465s stack positions out of 5000i,500n,10000p,200000b,80000s
{/usr/share/texlive/texmf-dist/fonts/enc/dvips/base/8r.enc}</usr/share/texliv
e/texmf-dist/fonts/type1/public/amsfonts/cm/cmex10.pfb></usr/share/texlive/texm
f-dist/fonts/type1/public/amsfonts/cm/cmmi10.pfb></usr/share/texlive/texmf-dist
/fonts/type1/public/amsfonts/cm/cmmi7.pfb></usr/share/texlive/texmf-dist/fonts/
type1/public/amsfonts/cm/cmr10.pfb></usr/share/texlive/texmf-dist/fonts/type1/p
ublic/amsfonts/cm/cmr7.pfb></usr/share/texlive/texmf-dist/fonts/type1/public/am
sfonts/cm/cmsy10.pfb></usr/share/texlive/texmf-dist/fonts/type1/public/amsfonts
/cm/cmsy9.pfb></usr/share/texlive/texmf-dist/fonts/type1/urw/courier/ucrr8a.pfb
></usr/share/texlive/texmf-dist/fonts/type1/urw/helvetic/uhvb8a.pfb></usr/share
/texlive/texmf-dist/fonts/type1/urw/helvetic/uhvbo8a.pfb></usr/share/texlive/te
xmf-dist/fonts/type1/urw/helvetic/uhvr8a.pfb></usr/share/texlive/texmf-dist/fon
ts/type1/urw/times/utmb8a.pfb></usr/share/texlive/texmf-dist/fonts/type1/urw/ti
mes/utmr8a.pfb></usr/share/texlive/texmf-dist/fonts/type1/urw/times/utmri8a.pfb
>
Output written on iccps2014.pdf (7 pages, 417533 bytes).
PDF statistics:
 411 PDF objects out of 1000 (max. 8388607)
 331 compressed objects within 4 object streams
 80 named destinations out of 1000 (max. 500000)
 122 words of extra memory for PDF output out of 10000 (max. 10000000)

